[debug] [2021-10-19T13:49:42.555Z] ----------------------------------------------------------------------
[debug] [2021-10-19T13:49:42.557Z] Command:       C:\Program Files\nodejs\node.exe C:\Users\joya\AppData\Roaming\npm\node_modules\firebase-tools\lib\bin\firebase.js deploy
[debug] [2021-10-19T13:49:42.558Z] CLI Version:   9.20.0
[debug] [2021-10-19T13:49:42.558Z] Platform:      win32
[debug] [2021-10-19T13:49:42.558Z] Node Version:  v14.17.1
[debug] [2021-10-19T13:49:42.559Z] Time:          Tue Oct 19 2021 19:49:42 GMT+0600 (Bangladesh Standard Time)
[debug] [2021-10-19T13:49:42.559Z] ----------------------------------------------------------------------
[debug] 
[debug] [2021-10-19T13:49:42.611Z] > command requires scopes: ["email","openid","https://www.googleapis.com/auth/cloudplatformprojects.readonly","https://www.googleapis.com/auth/firebase","https://www.googleapis.com/auth/cloud-platform"]
[debug] [2021-10-19T13:49:42.612Z] > authorizing via signed-in user (towhidulislamcse@gmail.com)
[debug] [2021-10-19T13:49:42.612Z] [iam] checking project medicarepherma-ctg for permissions ["firebase.projects.get","firebasehosting.sites.update"]
[debug] [2021-10-19T13:49:42.614Z] >>> HTTP REQUEST POST https://cloudresourcemanager.googleapis.com/v1/projects/medicarepherma-ctg:testIamPermissions  
 {"permissions":["firebase.projects.get","firebasehosting.sites.update"]}
[debug] [2021-10-19T13:49:43.769Z] <<< HTTP RESPONSE 200 {"content-type":"application/json; charset=UTF-8","vary":"X-Origin, Referer, Origin,Accept-Encoding","date":"Tue, 19 Oct 2021 13:49:45 GMT","server":"ESF","cache-control":"private","x-xss-protection":"0","x-frame-options":"SAMEORIGIN","x-content-type-options":"nosniff","server-timing":"gfet4t7; dur=961","alt-svc":"h3=\":443\"; ma=2592000,h3-29=\":443\"; ma=2592000,h3-T051=\":443\"; ma=2592000,h3-Q050=\":443\"; ma=2592000,h3-Q046=\":443\"; ma=2592000,h3-Q043=\":443\"; ma=2592000,quic=\":443\"; ma=2592000; v=\"46,43\"","accept-ranges":"none","transfer-encoding":"chunked"}
[debug] [2021-10-19T13:49:43.771Z] > refreshing access token with scopes: []
[debug] [2021-10-19T13:49:43.771Z] >>> HTTP REQUEST POST https://www.googleapis.com/oauth2/v3/token  
 <request body omitted>
[debug] [2021-10-19T13:49:44.121Z] <<< HTTP RESPONSE 200 {"pragma":"no-cache","expires":"Mon, 01 Jan 1990 00:00:00 GMT","date":"Tue, 19 Oct 2021 13:49:45 GMT","cache-control":"no-cache, no-store, max-age=0, must-revalidate","content-type":"application/json; charset=utf-8","vary":"X-Origin, Referer, Origin,Accept-Encoding","server":"scaffolding on HTTPServer2","x-xss-protection":"0","x-frame-options":"SAMEORIGIN","x-content-type-options":"nosniff","alt-svc":"h3=\":443\"; ma=2592000,h3-29=\":443\"; ma=2592000,h3-T051=\":443\"; ma=2592000,h3-Q050=\":443\"; ma=2592000,h3-Q046=\":443\"; ma=2592000,h3-Q043=\":443\"; ma=2592000,quic=\":443\"; ma=2592000; v=\"46,43\"","accept-ranges":"none","transfer-encoding":"chunked"}
[debug] [2021-10-19T13:49:44.131Z] >>> [apiv2][query] GET https://firebase.googleapis.com/v1beta1/projects/medicarepherma-ctg [none]
[debug] [2021-10-19T13:49:44.781Z] <<< [apiv2][status] GET https://firebase.googleapis.com/v1beta1/projects/medicarepherma-ctg 200
[debug] [2021-10-19T13:49:44.781Z] <<< [apiv2][body] GET https://firebase.googleapis.com/v1beta1/projects/medicarepherma-ctg {"projectId":"medicarepherma-ctg","projectNumber":"312125288304","displayName":"medicarepherma-ctg","name":"projects/medicarepherma-ctg","resources":{"hostingSite":"medicarepherma-ctg"},"state":"ACTIVE"}
[info] 
[info] === Deploying to 'medicarepherma-ctg'...
[info] 
[info] i  deploying hosting 
[debug] [2021-10-19T13:49:44.784Z] > refreshing access token with scopes: ["email","https://www.googleapis.com/auth/cloud-platform","https://www.googleapis.com/auth/cloudplatformprojects.readonly","https://www.googleapis.com/auth/firebase","openid"]
[debug] [2021-10-19T13:49:44.784Z] >>> HTTP REQUEST POST https://www.googleapis.com/oauth2/v3/token  
 <request body omitted>
[debug] [2021-10-19T13:49:45.049Z] <<< HTTP RESPONSE 200 {"pragma":"no-cache","cache-control":"no-cache, no-store, max-age=0, must-revalidate","date":"Tue, 19 Oct 2021 13:49:46 GMT","expires":"Mon, 01 Jan 1990 00:00:00 GMT","content-type":"application/json; charset=utf-8","vary":"X-Origin, Referer, Origin,Accept-Encoding","server":"scaffolding on HTTPServer2","x-xss-protection":"0","x-frame-options":"SAMEORIGIN","x-content-type-options":"nosniff","alt-svc":"h3=\":443\"; ma=2592000,h3-29=\":443\"; ma=2592000,h3-T051=\":443\"; ma=2592000,h3-Q050=\":443\"; ma=2592000,h3-Q046=\":443\"; ma=2592000,h3-Q043=\":443\"; ma=2592000,quic=\":443\"; ma=2592000; v=\"46,43\"","accept-ranges":"none","transfer-encoding":"chunked"}
[debug] [2021-10-19T13:49:45.061Z] >>> HTTP REQUEST POST https://firebasehosting.googleapis.com/v1beta1/sites/medicarepherma-ctg/versions  
 {"config":{"rewrites":[{"glob":"**","path":"/index.html"}]},"labels":{"deployment-tool":"cli-firebase"}}
[debug] [2021-10-19T13:49:46.678Z] <<< HTTP RESPONSE 200 {"content-type":"application/json; charset=UTF-8","vary":"X-Origin, Referer, Origin,Accept-Encoding","date":"Tue, 19 Oct 2021 13:49:48 GMT","server":"ESF","cache-control":"private","x-xss-protection":"0","x-frame-options":"SAMEORIGIN","x-content-type-options":"nosniff","alt-svc":"h3=\":443\"; ma=2592000,h3-29=\":443\"; ma=2592000,h3-T051=\":443\"; ma=2592000,h3-Q050=\":443\"; ma=2592000,h3-Q046=\":443\"; ma=2592000,h3-Q043=\":443\"; ma=2592000,quic=\":443\"; ma=2592000; v=\"46,43\"","accept-ranges":"none","transfer-encoding":"chunked"}
[info] i  hosting[medicarepherma-ctg]: beginning deploy... 
[info] i  hosting[medicarepherma-ctg]: found 26 files in build 
[debug] [2021-10-19T13:49:46.904Z] > refreshing access token with scopes: []
[debug] [2021-10-19T13:49:46.904Z] >>> HTTP REQUEST POST https://www.googleapis.com/oauth2/v3/token  
 <request body omitted>
[debug] [2021-10-19T13:49:46.906Z] [hosting] hash cache [YnVpbGQ] stored for 26 files
[debug] [2021-10-19T13:49:46.906Z] [hosting][hash queue][FINAL] {"max":211,"min":5,"avg":20.576923076923077,"active":0,"complete":26,"success":26,"errored":0,"retried":0,"total":26,"elapsed":216}
[debug] [2021-10-19T13:49:47.174Z] <<< HTTP RESPONSE 200 {"cache-control":"no-cache, no-store, max-age=0, must-revalidate","expires":"Mon, 01 Jan 1990 00:00:00 GMT","pragma":"no-cache","date":"Tue, 19 Oct 2021 13:49:48 GMT","content-type":"application/json; charset=utf-8","vary":"X-Origin, Referer, Origin,Accept-Encoding","server":"scaffolding on HTTPServer2","x-xss-protection":"0","x-frame-options":"SAMEORIGIN","x-content-type-options":"nosniff","alt-svc":"h3=\":443\"; ma=2592000,h3-29=\":443\"; ma=2592000,h3-T051=\":443\"; ma=2592000,h3-Q050=\":443\"; ma=2592000,h3-Q046=\":443\"; ma=2592000,h3-Q043=\":443\"; ma=2592000,quic=\":443\"; ma=2592000; v=\"46,43\"","accept-ranges":"none","transfer-encoding":"chunked"}
[debug] [2021-10-19T13:49:47.186Z] >>> [apiv2][query] POST https://firebasehosting.googleapis.com/v1beta1/sites/medicarepherma-ctg/versions/c7218275a4d84b87:populateFiles [none]
[debug] [2021-10-19T13:49:47.186Z] >>> [apiv2][body] POST https://firebasehosting.googleapis.com/v1beta1/sites/medicarepherma-ctg/versions/c7218275a4d84b87:populateFiles {"files":{"/favicon.ico":"eae62e993eb980ec8a25058c39d5a51feab118bd2100c4deebb2a9c158ec11f9","/logo192.png":"3ee59515172ee198f3be375979df15ac5345183e656720a381b8872b2a39dc8b","/logo512.png":"ee7e2f3fdb8209c4b6fd7bef6ba50d1b9dba30a25bb5c3126df057e1cb6f5331","/manifest.json":"aff3449bdc238776f5d6d967f19ec491b36aed5fb7f23ccff6500736fd58494a","/robots.txt":"bfe106a3fb878dc83461c86818bf74fc1bdc7f28538ba613cd3e775516ce8b49","/servicesApi.JSON":"61b5c82211b2560d25efa7d0e0dc85b0893d505676a5a9db3d95368b2047f904","/_redirects":"0eef2fe33959a484fe4de0b7cc46e632b5d66f144774095011ffb5154d32c914","/asset-manifest.json":"e6e0acc4484a8294498fabbe4818c0d22539d0d5cd92a3dc779d729295ad1315","/index.html":"8c8a3d3e5f1c2f05e2af307e4541a3f1b4fc36296d714ec116325536dfabe98e","/static/css/main.ae3dc3ae.chunk.css":"c2d9ae67c21937e58a5324e35f6dbba1778d797258fb405407eb09fa872f46b0","/static/css/main.ae3dc3ae.chunk.css.map":"cf174fdf96c84eecae1bbbbf4131d32b1cd7b5b66a80c8c36f6749bdac45a4cc","/static/js/2.ba8c6cd2.chunk.js.LICENSE.txt":"aea587baccbeb03e4b14386f5248ba83b32bc7d6da081537025be9ebb4ad69b5","/static/js/3.c81eee1f.chunk.js":"45234c47f4c29c161501ae5b08c915bb511a8c74b5c6f12d3e05d8e153d9b3aa","/static/js/3.c81eee1f.chunk.js.map":"ddb5c4cdea6d9c59ea9b6ec8eec01db439ba55323ea0ca79fd5c1998263acc67","/static/js/runtime-main.48841879.js":"23abe8b59b68aa7ded6f85a962bb31dc5c1e9e34e40d26ba01e5197e2812c71f","/static/js/main.111ee880.chunk.js":"b295a31911f1732924f6d17b48542f7c95f30fb36e7c52316616d847ef0b0fd8","/static/js/runtime-main.48841879.js.map":"41fcea69c4c579891d7492c55d076743d42ca9db48c0b56d5b9beb2055df6bd9","/static/media/about.8e079963.jpg":"0a3e44e600b8ca7e8df51f0df081e294e97f4ba83a92fc81de0c876a726b400b","/static/media/app.ce0909bc.jpg":"87416f59d6d8d09e4b872a1bf90f45556876bee9b1d6e73cc272a7c04de71acd","/static/js/main.111ee880.chunk.js.map":"660f8686034b94c9357df802f9145ea33125ee5164cf2c155b4c6f5db8f9ade2","/static/media/login.e2f3960f.jpg":"1252090d775ea61d83c38e7fa633e99ba67a76df0fadcdf5b94bc64b30189b0e","/static/media/2.930a1122.png":"a9e2f95882634fec3b9920eb1f973a71309d63f67053e486ab0e42e277183577","/static/media/3.23a5387f.png":"1251f83569aa7a5edca324e956f3051950d13378aa86f941d2a23ebdaed8a868","/static/media/1.cc035b0b.png":"a1194c0958aeab4d3f43dd5c3fd055f7b8859e29227b02b56cfa3168dddd1790","/static/js/2.ba8c6cd2.chunk.js":"3cabdf209e467bb6ad0f8db6b13d495d5aea5967cbbd65bdd7dabdd9d9a2dede","/static/js/2.ba8c6cd2.chunk.js.map":"8382b1f6165edf448fde2fabc154d3a07e641ee4f7070f902e1b3f27165c7627"}}
[debug] [2021-10-19T13:49:48.653Z] <<< [apiv2][status] POST https://firebasehosting.googleapis.com/v1beta1/sites/medicarepherma-ctg/versions/c7218275a4d84b87:populateFiles 200
[debug] [2021-10-19T13:49:48.653Z] <<< [apiv2][body] POST https://firebasehosting.googleapis.com/v1beta1/sites/medicarepherma-ctg/versions/c7218275a4d84b87:populateFiles {"uploadRequiredHashes":["660f8686034b94c9357df802f9145ea33125ee5164cf2c155b4c6f5db8f9ade2","8c8a3d3e5f1c2f05e2af307e4541a3f1b4fc36296d714ec116325536dfabe98e","b295a31911f1732924f6d17b48542f7c95f30fb36e7c52316616d847ef0b0fd8","e6e0acc4484a8294498fabbe4818c0d22539d0d5cd92a3dc779d729295ad1315"],"uploadUrl":"https://upload-firebasehosting.googleapis.com/upload/sites/medicarepherma-ctg/versions/c7218275a4d84b87/files"}
[debug] [2021-10-19T13:49:48.654Z] >>> [apiv2][query] POST https://upload-firebasehosting.googleapis.com/upload/sites/medicarepherma-ctg/versions/c7218275a4d84b87/files/660f8686034b94c9357df802f9145ea33125ee5164cf2c155b4c6f5db8f9ade2 [none]
[debug] [2021-10-19T13:49:48.654Z] >>> [apiv2][body] POST https://upload-firebasehosting.googleapis.com/upload/sites/medicarepherma-ctg/versions/c7218275a4d84b87/files/660f8686034b94c9357df802f9145ea33125ee5164cf2c155b4c6f5db8f9ade2 [stream]
[debug] [2021-10-19T13:49:48.655Z] >>> [apiv2][query] POST https://upload-firebasehosting.googleapis.com/upload/sites/medicarepherma-ctg/versions/c7218275a4d84b87/files/8c8a3d3e5f1c2f05e2af307e4541a3f1b4fc36296d714ec116325536dfabe98e [none]
[debug] [2021-10-19T13:49:48.656Z] >>> [apiv2][body] POST https://upload-firebasehosting.googleapis.com/upload/sites/medicarepherma-ctg/versions/c7218275a4d84b87/files/8c8a3d3e5f1c2f05e2af307e4541a3f1b4fc36296d714ec116325536dfabe98e [stream]
[debug] [2021-10-19T13:49:48.657Z] >>> [apiv2][query] POST https://upload-firebasehosting.googleapis.com/upload/sites/medicarepherma-ctg/versions/c7218275a4d84b87/files/b295a31911f1732924f6d17b48542f7c95f30fb36e7c52316616d847ef0b0fd8 [none]
[debug] [2021-10-19T13:49:48.657Z] >>> [apiv2][body] POST https://upload-firebasehosting.googleapis.com/upload/sites/medicarepherma-ctg/versions/c7218275a4d84b87/files/b295a31911f1732924f6d17b48542f7c95f30fb36e7c52316616d847ef0b0fd8 [stream]
[debug] [2021-10-19T13:49:48.658Z] >>> [apiv2][query] POST https://upload-firebasehosting.googleapis.com/upload/sites/medicarepherma-ctg/versions/c7218275a4d84b87/files/e6e0acc4484a8294498fabbe4818c0d22539d0d5cd92a3dc779d729295ad1315 [none]
[debug] [2021-10-19T13:49:48.658Z] >>> [apiv2][body] POST https://upload-firebasehosting.googleapis.com/upload/sites/medicarepherma-ctg/versions/c7218275a4d84b87/files/e6e0acc4484a8294498fabbe4818c0d22539d0d5cd92a3dc779d729295ad1315 [stream]
[debug] [2021-10-19T13:49:48.660Z] [hosting][populate queue][FINAL] {"max":1750,"min":1750,"avg":1750,"active":0,"complete":1,"success":1,"errored":0,"retried":0,"total":1,"elapsed":1756}
[debug] [2021-10-19T13:49:48.660Z] [hosting] uploads queued: 4
[debug] [2021-10-19T13:49:50.342Z] <<< [apiv2][status] POST https://upload-firebasehosting.googleapis.com/upload/sites/medicarepherma-ctg/versions/c7218275a4d84b87/files/e6e0acc4484a8294498fabbe4818c0d22539d0d5cd92a3dc779d729295ad1315 200
[debug] [2021-10-19T13:49:50.343Z] <<< [apiv2][body] POST https://upload-firebasehosting.googleapis.com/upload/sites/medicarepherma-ctg/versions/c7218275a4d84b87/files/e6e0acc4484a8294498fabbe4818c0d22539d0d5cd92a3dc779d729295ad1315 [stream]
[debug] [2021-10-19T13:49:51.466Z] <<< [apiv2][status] POST https://upload-firebasehosting.googleapis.com/upload/sites/medicarepherma-ctg/versions/c7218275a4d84b87/files/660f8686034b94c9357df802f9145ea33125ee5164cf2c155b4c6f5db8f9ade2 200
[debug] [2021-10-19T13:49:51.466Z] <<< [apiv2][body] POST https://upload-firebasehosting.googleapis.com/upload/sites/medicarepherma-ctg/versions/c7218275a4d84b87/files/660f8686034b94c9357df802f9145ea33125ee5164cf2c155b4c6f5db8f9ade2 [stream]
[debug] [2021-10-19T13:49:52.016Z] <<< [apiv2][status] POST https://upload-firebasehosting.googleapis.com/upload/sites/medicarepherma-ctg/versions/c7218275a4d84b87/files/8c8a3d3e5f1c2f05e2af307e4541a3f1b4fc36296d714ec116325536dfabe98e 200
[debug] [2021-10-19T13:49:52.016Z] <<< [apiv2][body] POST https://upload-firebasehosting.googleapis.com/upload/sites/medicarepherma-ctg/versions/c7218275a4d84b87/files/8c8a3d3e5f1c2f05e2af307e4541a3f1b4fc36296d714ec116325536dfabe98e [stream]
[debug] [2021-10-19T13:50:10.115Z] [uploadQueue] Retrying task b295a31911f1732924f6d17b48542f7c95f30fb36e7c52316616d847ef0b0fd8
[debug] [2021-10-19T13:50:10.116Z] >>> [apiv2][query] POST https://upload-firebasehosting.googleapis.com/upload/sites/medicarepherma-ctg/versions/c7218275a4d84b87/files/b295a31911f1732924f6d17b48542f7c95f30fb36e7c52316616d847ef0b0fd8 [none]
[debug] [2021-10-19T13:50:10.116Z] >>> [apiv2][body] POST https://upload-firebasehosting.googleapis.com/upload/sites/medicarepherma-ctg/versions/c7218275a4d84b87/files/b295a31911f1732924f6d17b48542f7c95f30fb36e7c52316616d847ef0b0fd8 [stream]
[debug] [2021-10-19T13:50:11.824Z] <<< [apiv2][status] POST https://upload-firebasehosting.googleapis.com/upload/sites/medicarepherma-ctg/versions/c7218275a4d84b87/files/b295a31911f1732924f6d17b48542f7c95f30fb36e7c52316616d847ef0b0fd8 200
[debug] [2021-10-19T13:50:11.824Z] <<< [apiv2][body] POST https://upload-firebasehosting.googleapis.com/upload/sites/medicarepherma-ctg/versions/c7218275a4d84b87/files/b295a31911f1732924f6d17b48542f7c95f30fb36e7c52316616d847ef0b0fd8 [stream]
[debug] [2021-10-19T13:50:11.825Z] [hosting][upload queue][FINAL] {"max":3363,"min":1689,"avg":2393.5,"active":0,"complete":4,"success":4,"errored":0,"retried":1,"total":4,"elapsed":23172}
[info] +  hosting[medicarepherma-ctg]: file upload complete 
[debug] [2021-10-19T13:50:11.825Z] [hosting] deploy completed after 25146ms
[debug] [2021-10-19T13:50:11.827Z] [
  {
    "config": {
      "public": "build",
      "rewrites": [
        {
          "source": "**",
          "destination": "/index.html"
        }
      ],
      "ignore": [
        "firebase.json",
        "**/.*",
        "**/node_modules/**"
      ],
      "site": "medicarepherma-ctg"
    },
    "site": "medicarepherma-ctg",
    "version": "sites/medicarepherma-ctg/versions/c7218275a4d84b87"
  }
]
[info] i  hosting[medicarepherma-ctg]: finalizing version... 
[debug] [2021-10-19T13:50:11.828Z] > refreshing access token with scopes: ["email","https://www.googleapis.com/auth/cloud-platform","https://www.googleapis.com/auth/cloudplatformprojects.readonly","https://www.googleapis.com/auth/firebase","openid"]
[debug] [2021-10-19T13:50:11.828Z] >>> HTTP REQUEST POST https://www.googleapis.com/oauth2/v3/token  
 <request body omitted>
[debug] [2021-10-19T13:50:12.095Z] <<< HTTP RESPONSE 200 {"date":"Tue, 19 Oct 2021 13:50:13 GMT","pragma":"no-cache","expires":"Mon, 01 Jan 1990 00:00:00 GMT","cache-control":"no-cache, no-store, max-age=0, must-revalidate","content-type":"application/json; charset=utf-8","vary":"X-Origin, Referer, Origin,Accept-Encoding","server":"scaffolding on HTTPServer2","x-xss-protection":"0","x-frame-options":"SAMEORIGIN","x-content-type-options":"nosniff","alt-svc":"h3=\":443\"; ma=2592000,h3-29=\":443\"; ma=2592000,h3-T051=\":443\"; ma=2592000,h3-Q050=\":443\"; ma=2592000,h3-Q046=\":443\"; ma=2592000,h3-Q043=\":443\"; ma=2592000,quic=\":443\"; ma=2592000; v=\"46,43\"","accept-ranges":"none","transfer-encoding":"chunked"}
[debug] [2021-10-19T13:50:12.107Z] >>> HTTP REQUEST PATCH https://firebasehosting.googleapis.com/v1beta1/sites/medicarepherma-ctg/versions/c7218275a4d84b87?updateMask=status  
 {"status":"FINALIZED"}
[debug] [2021-10-19T13:50:33.391Z] Error: connect ETIMEDOUT 74.125.68.95:443
    at TCPConnectWrap.afterConnect [as oncomplete] (net.js:1148:16)
[error] 
[error] Error: Server Error. connect ETIMEDOUT 74.125.68.95:443
